0 info it worked if it ends with ok
1 verbose cli [ '/usr/local/Cellar/node/6.0.0/bin/node',
1 verbose cli   '/usr/local/bin/npm',
1 verbose cli   'run',
1 verbose cli   'build-pack' ]
2 info using npm@3.8.6
3 info using node@v6.0.0
4 verbose run-script [ 'prebuild-pack', 'build-pack', 'postbuild-pack' ]
5 info lifecycle Articulate@0.0.3~prebuild-pack: Articulate@0.0.3
6 silly lifecycle Articulate@0.0.3~prebuild-pack: no script for prebuild-pack, continuing
7 info lifecycle Articulate@0.0.3~build-pack: Articulate@0.0.3
8 verbose lifecycle Articulate@0.0.3~build-pack: unsafe-perm in lifecycle true
9 verbose lifecycle Articulate@0.0.3~build-pack: PATH: /usr/local/lib/node_modules/npm/bin/node-gyp-bin:/Users/iain/Development/articulate/node_modules/.bin:/usr/local/Cellar/node/6.0.0/bin:/usr/local/bin:/usr/bin:/bin:/usr/sbin:/sbin
10 verbose lifecycle Articulate@0.0.3~build-pack: CWD: /Users/iain/Development/articulate
11 silly lifecycle Articulate@0.0.3~build-pack: Args: [ '-c', 'build' ]
12 silly lifecycle Articulate@0.0.3~build-pack: Returned: code: 255  signal: null
13 info lifecycle Articulate@0.0.3~build-pack: Failed to exec build-pack script
14 verbose stack Error: Articulate@0.0.3 build-pack: `build`
14 verbose stack Exit status 255
14 verbose stack     at EventEmitter.<anonymous> (/usr/local/lib/node_modules/npm/lib/utils/lifecycle.js:239:16)
14 verbose stack     at emitTwo (events.js:106:13)
14 verbose stack     at EventEmitter.emit (events.js:191:7)
14 verbose stack     at ChildProcess.<anonymous> (/usr/local/lib/node_modules/npm/lib/utils/spawn.js:24:14)
14 verbose stack     at emitTwo (events.js:106:13)
14 verbose stack     at ChildProcess.emit (events.js:191:7)
14 verbose stack     at maybeClose (internal/child_process.js:850:16)
14 verbose stack     at Process.ChildProcess._handle.onexit (internal/child_process.js:215:5)
15 verbose pkgid Articulate@0.0.3
16 verbose cwd /Users/iain/Development/articulate
17 error Darwin 15.5.0
18 error argv "/usr/local/Cellar/node/6.0.0/bin/node" "/usr/local/bin/npm" "run" "build-pack"
19 error node v6.0.0
20 error npm  v3.8.6
21 error code ELIFECYCLE
22 error Articulate@0.0.3 build-pack: `build`
22 error Exit status 255
23 error Failed at the Articulate@0.0.3 build-pack script 'build'.
23 error Make sure you have the latest version of node.js and npm installed.
23 error If you do, this is most likely a problem with the Articulate package,
23 error not with npm itself.
23 error Tell the author that this fails on your system:
23 error     build
23 error You can get information on how to open an issue for this project with:
23 error     npm bugs Articulate
23 error Or if that isn't available, you can get their info via:
23 error     npm owner ls Articulate
23 error There is likely additional logging output above.
24 verbose exit [ 1, true ]
